
*** Running vivado
    with args -log IOT_v1_0.vds -m64 -mode batch -messageDb vivado.pb -notrace -source IOT_v1_0.tcl


****** Vivado v2015.4 (64-bit)
  **** SW Build 1412921 on Wed Nov 18 09:43:45 MST 2015
  **** IP Build 1412160 on Tue Nov 17 13:47:24 MST 2015
    ** Copyright 1986-2015 Xilinx, Inc. All Rights Reserved.

source IOT_v1_0.tcl -notrace
Command: synth_design -top IOT_v1_0 -part xc7z020clg484-1
Starting synth_design
Attempting to get a license for feature 'Synthesis' and/or device 'xc7z020'
INFO: [Common 17-349] Got license for feature 'Synthesis' and/or device 'xc7z020'
---------------------------------------------------------------------------------
Starting Synthesize : Time (s): cpu = 00:00:06 ; elapsed = 00:00:06 . Memory (MB): peak = 295.402 ; gain = 124.566
---------------------------------------------------------------------------------
INFO: [Synth 8-638] synthesizing module 'IOT_v1_0' [E:/ComputerEngineering/Digital Systems Design/project/vivado project/envirementChangesDetection/final project/ip_repo/iot_1.0/hdl/IOT_v1_0.vhd:62]
	Parameter C_S00_AXI_DATA_WIDTH bound to: 32 - type: integer 
	Parameter C_S00_AXI_ADDR_WIDTH bound to: 4 - type: integer 
	Parameter C_S_AXI_DATA_WIDTH bound to: 32 - type: integer 
	Parameter C_S_AXI_ADDR_WIDTH bound to: 4 - type: integer 
INFO: [Synth 8-3491] module 'IOT_v1_0_S00_AXI' declared at 'E:/ComputerEngineering/Digital Systems Design/project/vivado project/envirementChangesDetection/final project/ip_repo/iot_1.0/hdl/IOT_v1_0_S00_AXI.vhd:5' bound to instance 'IOT_v1_0_S00_AXI_inst' of component 'IOT_v1_0_S00_AXI' [E:/ComputerEngineering/Digital Systems Design/project/vivado project/envirementChangesDetection/final project/ip_repo/iot_1.0/hdl/IOT_v1_0.vhd:116]
INFO: [Synth 8-638] synthesizing module 'IOT_v1_0_S00_AXI' [E:/ComputerEngineering/Digital Systems Design/project/vivado project/envirementChangesDetection/final project/ip_repo/iot_1.0/hdl/IOT_v1_0_S00_AXI.vhd:103]
	Parameter C_S_AXI_DATA_WIDTH bound to: 32 - type: integer 
	Parameter C_S_AXI_ADDR_WIDTH bound to: 4 - type: integer 
INFO: [Synth 8-226] default block is never used [E:/ComputerEngineering/Digital Systems Design/project/vivado project/envirementChangesDetection/final project/ip_repo/iot_1.0/hdl/IOT_v1_0_S00_AXI.vhd:257]
INFO: [Synth 8-226] default block is never used [E:/ComputerEngineering/Digital Systems Design/project/vivado project/envirementChangesDetection/final project/ip_repo/iot_1.0/hdl/IOT_v1_0_S00_AXI.vhd:387]
INFO: [Synth 8-3491] module 'MainModule' declared at 'E:/ComputerEngineering/Digital Systems Design/project/vivado project/envirementChangesDetection/final project/ip_repo/edit_IOT_v1_0.srcs/sources_1/new/MainModule.vhd:34' bound to instance 'iot' of component 'MainModule' [E:/ComputerEngineering/Digital Systems Design/project/vivado project/envirementChangesDetection/final project/ip_repo/iot_1.0/hdl/IOT_v1_0_S00_AXI.vhd:422]
INFO: [Synth 8-638] synthesizing module 'MainModule' [E:/ComputerEngineering/Digital Systems Design/project/vivado project/envirementChangesDetection/final project/ip_repo/edit_IOT_v1_0.srcs/sources_1/new/MainModule.vhd:55]
WARNING: [Synth 8-3848] Net err in module/entity MainModule does not have driver. [E:/ComputerEngineering/Digital Systems Design/project/vivado project/envirementChangesDetection/final project/ip_repo/edit_IOT_v1_0.srcs/sources_1/new/MainModule.vhd:39]
WARNING: [Synth 8-3848] Net LightOut in module/entity MainModule does not have driver. [E:/ComputerEngineering/Digital Systems Design/project/vivado project/envirementChangesDetection/final project/ip_repo/edit_IOT_v1_0.srcs/sources_1/new/MainModule.vhd:42]
WARNING: [Synth 8-3848] Net heater in module/entity MainModule does not have driver. [E:/ComputerEngineering/Digital Systems Design/project/vivado project/envirementChangesDetection/final project/ip_repo/edit_IOT_v1_0.srcs/sources_1/new/MainModule.vhd:48]
WARNING: [Synth 8-3848] Net cooler in module/entity MainModule does not have driver. [E:/ComputerEngineering/Digital Systems Design/project/vivado project/envirementChangesDetection/final project/ip_repo/edit_IOT_v1_0.srcs/sources_1/new/MainModule.vhd:49]
INFO: [Synth 8-256] done synthesizing module 'MainModule' (1#1) [E:/ComputerEngineering/Digital Systems Design/project/vivado project/envirementChangesDetection/final project/ip_repo/edit_IOT_v1_0.srcs/sources_1/new/MainModule.vhd:55]
INFO: [Synth 8-256] done synthesizing module 'IOT_v1_0_S00_AXI' (2#1) [E:/ComputerEngineering/Digital Systems Design/project/vivado project/envirementChangesDetection/final project/ip_repo/iot_1.0/hdl/IOT_v1_0_S00_AXI.vhd:103]
INFO: [Synth 8-256] done synthesizing module 'IOT_v1_0' (3#1) [E:/ComputerEngineering/Digital Systems Design/project/vivado project/envirementChangesDetection/final project/ip_repo/iot_1.0/hdl/IOT_v1_0.vhd:62]
---------------------------------------------------------------------------------
Finished Synthesize : Time (s): cpu = 00:00:06 ; elapsed = 00:00:07 . Memory (MB): peak = 329.672 ; gain = 158.836
---------------------------------------------------------------------------------
---------------------------------------------------------------------------------
Finished Constraint Validation : Time (s): cpu = 00:00:07 ; elapsed = 00:00:07 . Memory (MB): peak = 329.672 ; gain = 158.836
---------------------------------------------------------------------------------
---------------------------------------------------------------------------------
Start Loading Part and Timing Information
---------------------------------------------------------------------------------
Loading part: xc7z020clg484-1
---------------------------------------------------------------------------------
Finished Loading Part and Timing Information : Time (s): cpu = 00:00:07 ; elapsed = 00:00:07 . Memory (MB): peak = 329.672 ; gain = 158.836
---------------------------------------------------------------------------------
INFO: [Device 21-403] Loading part xc7z020clg484-1
---------------------------------------------------------------------------------
Finished RTL Optimization Phase 2 : Time (s): cpu = 00:00:07 ; elapsed = 00:00:08 . Memory (MB): peak = 333.059 ; gain = 162.223
---------------------------------------------------------------------------------

Report RTL Partitions: 
+-+--------------+------------+----------+
| |RTL Partition |Replication |Instances |
+-+--------------+------------+----------+
+-+--------------+------------+----------+
No constraint files found.
---------------------------------------------------------------------------------
Start RTL Component Statistics 
---------------------------------------------------------------------------------
Detailed RTL Component Info : 
+---Registers : 
	               32 Bit    Registers := 5     
	                4 Bit    Registers := 2     
	                2 Bit    Registers := 2     
	                1 Bit    Registers := 5     
+---Muxes : 
	   2 Input     32 Bit        Muxes := 4     
	   4 Input     32 Bit        Muxes := 5     
	   2 Input      1 Bit        Muxes := 4     
---------------------------------------------------------------------------------
Finished RTL Component Statistics 
---------------------------------------------------------------------------------
---------------------------------------------------------------------------------
Start RTL Hierarchical Component Statistics 
---------------------------------------------------------------------------------
Hierarchical RTL Component report 
Module IOT_v1_0_S00_AXI 
Detailed RTL Component Info : 
+---Registers : 
	               32 Bit    Registers := 5     
	                4 Bit    Registers := 2     
	                2 Bit    Registers := 2     
	                1 Bit    Registers := 5     
+---Muxes : 
	   2 Input     32 Bit        Muxes := 4     
	   4 Input     32 Bit        Muxes := 5     
	   2 Input      1 Bit        Muxes := 4     
---------------------------------------------------------------------------------
Finished RTL Hierarchical Component Statistics
---------------------------------------------------------------------------------
---------------------------------------------------------------------------------
Start Part Resource Summary
---------------------------------------------------------------------------------
Part Resources:
DSPs: 220 (col length:60)
BRAMs: 280 (col length: RAMB18 60 RAMB36 30)
---------------------------------------------------------------------------------
Finished Part Resource Summary
---------------------------------------------------------------------------------
Start Parallel Synthesis Optimization  : Time (s): cpu = 00:00:10 ; elapsed = 00:00:12 . Memory (MB): peak = 478.535 ; gain = 307.699
---------------------------------------------------------------------------------
Start Cross Boundary Optimization
---------------------------------------------------------------------------------
WARNING: [Synth 8-3331] design IOT_v1_0 has unconnected port err
WARNING: [Synth 8-3331] design IOT_v1_0 has unconnected port LightOut
WARNING: [Synth 8-3331] design IOT_v1_0 has unconnected port heater
WARNING: [Synth 8-3331] design IOT_v1_0 has unconnected port cooler
WARNING: [Synth 8-3331] design IOT_v1_0 has unconnected port \input 
WARNING: [Synth 8-3331] design IOT_v1_0 has unconnected port LightSensor
WARNING: [Synth 8-3331] design IOT_v1_0 has unconnected port sensor1[7]
WARNING: [Synth 8-3331] design IOT_v1_0 has unconnected port sensor1[6]
WARNING: [Synth 8-3331] design IOT_v1_0 has unconnected port sensor1[5]
WARNING: [Synth 8-3331] design IOT_v1_0 has unconnected port sensor1[4]
WARNING: [Synth 8-3331] design IOT_v1_0 has unconnected port sensor1[3]
WARNING: [Synth 8-3331] design IOT_v1_0 has unconnected port sensor1[2]
WARNING: [Synth 8-3331] design IOT_v1_0 has unconnected port sensor1[1]
WARNING: [Synth 8-3331] design IOT_v1_0 has unconnected port sensor1[0]
WARNING: [Synth 8-3331] design IOT_v1_0 has unconnected port sensor2[7]
WARNING: [Synth 8-3331] design IOT_v1_0 has unconnected port sensor2[6]
WARNING: [Synth 8-3331] design IOT_v1_0 has unconnected port sensor2[5]
WARNING: [Synth 8-3331] design IOT_v1_0 has unconnected port sensor2[4]
WARNING: [Synth 8-3331] design IOT_v1_0 has unconnected port sensor2[3]
WARNING: [Synth 8-3331] design IOT_v1_0 has unconnected port sensor2[2]
WARNING: [Synth 8-3331] design IOT_v1_0 has unconnected port sensor2[1]
WARNING: [Synth 8-3331] design IOT_v1_0 has unconnected port sensor2[0]
WARNING: [Synth 8-3331] design IOT_v1_0 has unconnected port sensor3[7]
WARNING: [Synth 8-3331] design IOT_v1_0 has unconnected port sensor3[6]
WARNING: [Synth 8-3331] design IOT_v1_0 has unconnected port sensor3[5]
WARNING: [Synth 8-3331] design IOT_v1_0 has unconnected port sensor3[4]
WARNING: [Synth 8-3331] design IOT_v1_0 has unconnected port sensor3[3]
WARNING: [Synth 8-3331] design IOT_v1_0 has unconnected port sensor3[2]
WARNING: [Synth 8-3331] design IOT_v1_0 has unconnected port sensor3[1]
WARNING: [Synth 8-3331] design IOT_v1_0 has unconnected port sensor3[0]
WARNING: [Synth 8-3331] design IOT_v1_0 has unconnected port DesiredTemperature[7]
WARNING: [Synth 8-3331] design IOT_v1_0 has unconnected port DesiredTemperature[6]
WARNING: [Synth 8-3331] design IOT_v1_0 has unconnected port DesiredTemperature[5]
WARNING: [Synth 8-3331] design IOT_v1_0 has unconnected port DesiredTemperature[4]
WARNING: [Synth 8-3331] design IOT_v1_0 has unconnected port DesiredTemperature[3]
WARNING: [Synth 8-3331] design IOT_v1_0 has unconnected port DesiredTemperature[2]
WARNING: [Synth 8-3331] design IOT_v1_0 has unconnected port DesiredTemperature[1]
WARNING: [Synth 8-3331] design IOT_v1_0 has unconnected port DesiredTemperature[0]
WARNING: [Synth 8-3331] design IOT_v1_0 has unconnected port s00_axi_awprot[2]
WARNING: [Synth 8-3331] design IOT_v1_0 has unconnected port s00_axi_awprot[1]
WARNING: [Synth 8-3331] design IOT_v1_0 has unconnected port s00_axi_awprot[0]
WARNING: [Synth 8-3331] design IOT_v1_0 has unconnected port s00_axi_arprot[2]
WARNING: [Synth 8-3331] design IOT_v1_0 has unconnected port s00_axi_arprot[1]
WARNING: [Synth 8-3331] design IOT_v1_0 has unconnected port s00_axi_arprot[0]
---------------------------------------------------------------------------------
Finished Cross Boundary Optimization : Time (s): cpu = 00:00:10 ; elapsed = 00:00:12 . Memory (MB): peak = 479.813 ; gain = 308.977
---------------------------------------------------------------------------------
Finished Parallel Reinference  : Time (s): cpu = 00:00:10 ; elapsed = 00:00:12 . Memory (MB): peak = 479.813 ; gain = 308.977

Report RTL Partitions: 
+-+--------------+------------+----------+
| |RTL Partition |Replication |Instances |
+-+--------------+------------+----------+
+-+--------------+------------+----------+
No constraint files found.
---------------------------------------------------------------------------------
Start Area Optimization
---------------------------------------------------------------------------------
INFO: [Synth 8-3886] merging instance '\IOT_v1_0_S00_AXI_inst/axi_rresp_reg[0] ' (FDRE) to '\IOT_v1_0_S00_AXI_inst/axi_rresp_reg[1] '
INFO: [Synth 8-3333] propagating constant 0 across sequential element (\IOT_v1_0_S00_AXI_inst/axi_rresp_reg[1] )
INFO: [Synth 8-3886] merging instance '\IOT_v1_0_S00_AXI_inst/axi_bresp_reg[0] ' (FDRE) to '\IOT_v1_0_S00_AXI_inst/axi_bresp_reg[1] '
INFO: [Synth 8-3333] propagating constant 0 across sequential element (\IOT_v1_0_S00_AXI_inst/axi_bresp_reg[1] )
WARNING: [Synth 8-3332] Sequential element (\IOT_v1_0_S00_AXI_inst/axi_bresp_reg[1] ) is unused and will be removed from module IOT_v1_0.
WARNING: [Synth 8-3332] Sequential element (\IOT_v1_0_S00_AXI_inst/axi_bresp_reg[0] ) is unused and will be removed from module IOT_v1_0.
WARNING: [Synth 8-3332] Sequential element (\IOT_v1_0_S00_AXI_inst/axi_araddr_reg[1] ) is unused and will be removed from module IOT_v1_0.
WARNING: [Synth 8-3332] Sequential element (\IOT_v1_0_S00_AXI_inst/axi_araddr_reg[0] ) is unused and will be removed from module IOT_v1_0.
WARNING: [Synth 8-3332] Sequential element (\IOT_v1_0_S00_AXI_inst/axi_awaddr_reg[1] ) is unused and will be removed from module IOT_v1_0.
WARNING: [Synth 8-3332] Sequential element (\IOT_v1_0_S00_AXI_inst/axi_awaddr_reg[0] ) is unused and will be removed from module IOT_v1_0.
WARNING: [Synth 8-3332] Sequential element (\IOT_v1_0_S00_AXI_inst/axi_rresp_reg[1] ) is unused and will be removed from module IOT_v1_0.
WARNING: [Synth 8-3332] Sequential element (\IOT_v1_0_S00_AXI_inst/axi_rresp_reg[0] ) is unused and will be removed from module IOT_v1_0.
---------------------------------------------------------------------------------
Finished Area Optimization : Time (s): cpu = 00:00:10 ; elapsed = 00:00:12 . Memory (MB): peak = 498.883 ; gain = 328.047
---------------------------------------------------------------------------------
Finished Parallel Area Optimization  : Time (s): cpu = 00:00:10 ; elapsed = 00:00:12 . Memory (MB): peak = 498.883 ; gain = 328.047

Report RTL Partitions: 
+-+--------------+------------+----------+
| |RTL Partition |Replication |Instances |
+-+--------------+------------+----------+
+-+--------------+------------+----------+
---------------------------------------------------------------------------------
Start Timing Optimization
---------------------------------------------------------------------------------
No constraint files found.
---------------------------------------------------------------------------------
Finished Timing Optimization : Time (s): cpu = 00:00:10 ; elapsed = 00:00:12 . Memory (MB): peak = 498.883 ; gain = 328.047
---------------------------------------------------------------------------------

Report RTL Partitions: 
+-+--------------+------------+----------+
| |RTL Partition |Replication |Instances |
+-+--------------+------------+----------+
+-+--------------+------------+----------+
---------------------------------------------------------------------------------
Start Technology Mapping
---------------------------------------------------------------------------------
---------------------------------------------------------------------------------
Finished Technology Mapping : Time (s): cpu = 00:00:10 ; elapsed = 00:00:12 . Memory (MB): peak = 498.883 ; gain = 328.047
---------------------------------------------------------------------------------
Finished Parallel Technology Mapping Optimization  : Time (s): cpu = 00:00:10 ; elapsed = 00:00:12 . Memory (MB): peak = 498.883 ; gain = 328.047

Report RTL Partitions: 
+-+--------------+------------+----------+
| |RTL Partition |Replication |Instances |
+-+--------------+------------+----------+
+-+--------------+------------+----------+
Finished Parallel Synthesis Optimization  : Time (s): cpu = 00:00:10 ; elapsed = 00:00:12 . Memory (MB): peak = 498.883 ; gain = 328.047
---------------------------------------------------------------------------------
Start IO Insertion
---------------------------------------------------------------------------------
---------------------------------------------------------------------------------
Start Flattening Before IO Insertion
---------------------------------------------------------------------------------
---------------------------------------------------------------------------------
Finished Flattening Before IO Insertion
---------------------------------------------------------------------------------
---------------------------------------------------------------------------------
Start Final Netlist Cleanup
---------------------------------------------------------------------------------
---------------------------------------------------------------------------------
Finished Final Netlist Cleanup
---------------------------------------------------------------------------------
---------------------------------------------------------------------------------
Finished IO Insertion : Time (s): cpu = 00:00:11 ; elapsed = 00:00:13 . Memory (MB): peak = 498.883 ; gain = 328.047
---------------------------------------------------------------------------------

Report Check Netlist: 
+------+------------------+-------+---------+-------+------------------+
|      |Item              |Errors |Warnings |Status |Description       |
+------+------------------+-------+---------+-------+------------------+
|1     |multi_driven_nets |      0|        0|Passed |Multi driven nets |
+------+------------------+-------+---------+-------+------------------+
---------------------------------------------------------------------------------
Start Renaming Generated Instances
---------------------------------------------------------------------------------
---------------------------------------------------------------------------------
Finished Renaming Generated Instances : Time (s): cpu = 00:00:11 ; elapsed = 00:00:13 . Memory (MB): peak = 498.883 ; gain = 328.047
---------------------------------------------------------------------------------

Report RTL Partitions: 
+-+--------------+------------+----------+
| |RTL Partition |Replication |Instances |
+-+--------------+------------+----------+
+-+--------------+------------+----------+
---------------------------------------------------------------------------------
Start Rebuilding User Hierarchy
---------------------------------------------------------------------------------
---------------------------------------------------------------------------------
Finished Rebuilding User Hierarchy : Time (s): cpu = 00:00:11 ; elapsed = 00:00:13 . Memory (MB): peak = 498.883 ; gain = 328.047
---------------------------------------------------------------------------------
---------------------------------------------------------------------------------
Start Renaming Generated Ports
---------------------------------------------------------------------------------
---------------------------------------------------------------------------------
Finished Renaming Generated Ports : Time (s): cpu = 00:00:11 ; elapsed = 00:00:13 . Memory (MB): peak = 498.883 ; gain = 328.047
---------------------------------------------------------------------------------
---------------------------------------------------------------------------------
Start Handling Custom Attributes
---------------------------------------------------------------------------------
---------------------------------------------------------------------------------
Finished Handling Custom Attributes : Time (s): cpu = 00:00:11 ; elapsed = 00:00:13 . Memory (MB): peak = 498.883 ; gain = 328.047
---------------------------------------------------------------------------------
---------------------------------------------------------------------------------
Start Renaming Generated Nets
---------------------------------------------------------------------------------
---------------------------------------------------------------------------------
Finished Renaming Generated Nets : Time (s): cpu = 00:00:11 ; elapsed = 00:00:13 . Memory (MB): peak = 498.883 ; gain = 328.047
---------------------------------------------------------------------------------
---------------------------------------------------------------------------------
Start Writing Synthesis Report
---------------------------------------------------------------------------------

Report BlackBoxes: 
+-+--------------+----------+
| |BlackBox name |Instances |
+-+--------------+----------+
+-+--------------+----------+

Report Cell Usage: 
+------+------+------+
|      |Cell  |Count |
+------+------+------+
|1     |BUFG  |     1|
|2     |LUT1  |     1|
|3     |LUT2  |     1|
|4     |LUT3  |     3|
|5     |LUT4  |    20|
|6     |LUT5  |     2|
|7     |LUT6  |    33|
|8     |FDRE  |   167|
|9     |FDSE  |     2|
|10    |IBUF  |    47|
|11    |OBUF  |    41|
|12    |OBUFT |     4|
+------+------+------+

Report Instance Areas: 
+------+------------------------+-----------------+------+
|      |Instance                |Module           |Cells |
+------+------------------------+-----------------+------+
|1     |top                     |                 |   322|
|2     |  IOT_v1_0_S00_AXI_inst |IOT_v1_0_S00_AXI |   229|
+------+------------------------+-----------------+------+
---------------------------------------------------------------------------------
Finished Writing Synthesis Report : Time (s): cpu = 00:00:11 ; elapsed = 00:00:13 . Memory (MB): peak = 498.883 ; gain = 328.047
---------------------------------------------------------------------------------
Synthesis finished with 0 errors, 0 critical warnings and 56 warnings.
Synthesis Optimization Runtime : Time (s): cpu = 00:00:08 ; elapsed = 00:00:10 . Memory (MB): peak = 498.883 ; gain = 242.766
Synthesis Optimization Complete : Time (s): cpu = 00:00:11 ; elapsed = 00:00:13 . Memory (MB): peak = 498.883 ; gain = 328.047
INFO: [Project 1-571] Translating synthesized netlist
INFO: [Netlist 29-17] Analyzing 47 Unisim elements for replacement
INFO: [Netlist 29-28] Unisim Transformation completed in 0 CPU seconds
INFO: [Project 1-570] Preparing netlist for logic optimization
INFO: [Opt 31-138] Pushed 0 inverter(s) to 0 load pin(s).
INFO: [Project 1-111] Unisim Transformation Summary:
No Unisim elements were transformed.

INFO: [Common 17-83] Releasing license: Synthesis
23 Infos, 56 Warnings, 0 Critical Warnings and 0 Errors encountered.
synth_design completed successfully
synth_design: Time (s): cpu = 00:00:09 ; elapsed = 00:00:14 . Memory (MB): peak = 559.410 ; gain = 350.910
report_utilization: Time (s): cpu = 00:00:01 ; elapsed = 00:00:00.022 . Memory (MB): peak = 559.410 ; gain = 0.000
INFO: [Common 17-206] Exiting Vivado at Thu Jan 19 13:30:43 2017...
